running develop
running egg_info
creating clean_room_operations.egg-info
writing clean_room_operations.egg-info/PKG-INFO
writing dependency_links to clean_room_operations.egg-info/dependency_links.txt
writing entry points to clean_room_operations.egg-info/entry_points.txt
writing requirements to clean_room_operations.egg-info/requires.txt
writing top-level names to clean_room_operations.egg-info/top_level.txt
writing manifest file 'clean_room_operations.egg-info/SOURCES.txt'
reading manifest file 'clean_room_operations.egg-info/SOURCES.txt'
writing manifest file 'clean_room_operations.egg-info/SOURCES.txt'
running build_ext
Creating /home/aiden/ros2_ws_lab/src/clean_room_operations/install/clean_room_operations/lib/python3.10/site-packages/clean-room-operations.egg-link (link to .)

Installed /home/aiden/ros2_ws_lab/src/clean_room_operations/build/clean_room_operations
running symlink_data
creating /home/aiden/ros2_ws_lab/src/clean_room_operations/install/clean_room_operations/share/ament_index
creating /home/aiden/ros2_ws_lab/src/clean_room_operations/install/clean_room_operations/share/ament_index/resource_index
creating /home/aiden/ros2_ws_lab/src/clean_room_operations/install/clean_room_operations/share/ament_index/resource_index/packages
symbolically linking /home/aiden/ros2_ws_lab/src/clean_room_operations/build/clean_room_operations/resource/clean_room_operations -> /home/aiden/ros2_ws_lab/src/clean_room_operations/install/clean_room_operations/share/ament_index/resource_index/packages
symbolically linking /home/aiden/ros2_ws_lab/src/clean_room_operations/build/clean_room_operations/package.xml -> /home/aiden/ros2_ws_lab/src/clean_room_operations/install/clean_room_operations/share/clean_room_operations
creating /home/aiden/ros2_ws_lab/src/clean_room_operations/install/clean_room_operations/share/clean_room_operations/maps
symbolically linking /home/aiden/ros2_ws_lab/src/clean_room_operations/build/clean_room_operations/maps/map.yaml -> /home/aiden/ros2_ws_lab/src/clean_room_operations/install/clean_room_operations/share/clean_room_operations/maps
symbolically linking /home/aiden/ros2_ws_lab/src/clean_room_operations/build/clean_room_operations/maps/house_map.yaml -> /home/aiden/ros2_ws_lab/src/clean_room_operations/install/clean_room_operations/share/clean_room_operations/maps
symbolically linking /home/aiden/ros2_ws_lab/src/clean_room_operations/build/clean_room_operations/maps/map.pgm -> /home/aiden/ros2_ws_lab/src/clean_room_operations/install/clean_room_operations/share/clean_room_operations/maps
symbolically linking /home/aiden/ros2_ws_lab/src/clean_room_operations/build/clean_room_operations/maps/house_map.pgm -> /home/aiden/ros2_ws_lab/src/clean_room_operations/install/clean_room_operations/share/clean_room_operations/maps
creating /home/aiden/ros2_ws_lab/src/clean_room_operations/install/clean_room_operations/share/clean_room_operations/config
symbolically linking /home/aiden/ros2_ws_lab/src/clean_room_operations/build/clean_room_operations/config/rooms.yaml -> /home/aiden/ros2_ws_lab/src/clean_room_operations/install/clean_room_operations/share/clean_room_operations/config
