[1.291s] Invoking command in '/home/aiden/ros2_ws_lab/src/clean_room_operations/build/clean_room_operations': PYTHONPATH=/home/aiden/ros2_ws_lab/src/clean_room_operations/build/clean_room_operations/prefix_override:/usr/lib/python3/dist-packages/colcon_core/task/python/colcon_distutils_commands:/home/aiden/ros2_ws_lab/src/clean_room_operations/install/clean_room_operations/lib/python3.10/site-packages:${PYTHONPATH} /usr/bin/python3 -W ignore:setup.py install is deprecated -W ignore:easy_install command is deprecated setup.py develop --editable --build-directory /home/aiden/ros2_ws_lab/src/clean_room_operations/build/clean_room_operations/build --no-deps symlink_data
[1.823s] running develop
[2.147s] running egg_info
[2.147s] creating clean_room_operations.egg-info
[2.148s] writing clean_room_operations.egg-info/PKG-INFO
[2.148s] writing dependency_links to clean_room_operations.egg-info/dependency_links.txt
[2.148s] writing entry points to clean_room_operations.egg-info/entry_points.txt
[2.148s] writing requirements to clean_room_operations.egg-info/requires.txt
[2.149s] writing top-level names to clean_room_operations.egg-info/top_level.txt
[2.149s] writing manifest file 'clean_room_operations.egg-info/SOURCES.txt'
[2.152s] reading manifest file 'clean_room_operations.egg-info/SOURCES.txt'
[2.153s] writing manifest file 'clean_room_operations.egg-info/SOURCES.txt'
[2.160s] running build_ext
[2.160s] Creating /home/aiden/ros2_ws_lab/src/clean_room_operations/install/clean_room_operations/lib/python3.10/site-packages/clean-room-operations.egg-link (link to .)
[2.161s] 
[2.161s] Installed /home/aiden/ros2_ws_lab/src/clean_room_operations/build/clean_room_operations
[2.162s] running symlink_data
[2.162s] creating /home/aiden/ros2_ws_lab/src/clean_room_operations/install/clean_room_operations/share/ament_index
[2.162s] creating /home/aiden/ros2_ws_lab/src/clean_room_operations/install/clean_room_operations/share/ament_index/resource_index
[2.162s] creating /home/aiden/ros2_ws_lab/src/clean_room_operations/install/clean_room_operations/share/ament_index/resource_index/packages
[2.162s] symbolically linking /home/aiden/ros2_ws_lab/src/clean_room_operations/build/clean_room_operations/resource/clean_room_operations -> /home/aiden/ros2_ws_lab/src/clean_room_operations/install/clean_room_operations/share/ament_index/resource_index/packages
[2.162s] symbolically linking /home/aiden/ros2_ws_lab/src/clean_room_operations/build/clean_room_operations/package.xml -> /home/aiden/ros2_ws_lab/src/clean_room_operations/install/clean_room_operations/share/clean_room_operations
[2.162s] creating /home/aiden/ros2_ws_lab/src/clean_room_operations/install/clean_room_operations/share/clean_room_operations/maps
[2.163s] symbolically linking /home/aiden/ros2_ws_lab/src/clean_room_operations/build/clean_room_operations/maps/map.yaml -> /home/aiden/ros2_ws_lab/src/clean_room_operations/install/clean_room_operations/share/clean_room_operations/maps
[2.163s] symbolically linking /home/aiden/ros2_ws_lab/src/clean_room_operations/build/clean_room_operations/maps/house_map.yaml -> /home/aiden/ros2_ws_lab/src/clean_room_operations/install/clean_room_operations/share/clean_room_operations/maps
[2.163s] symbolically linking /home/aiden/ros2_ws_lab/src/clean_room_operations/build/clean_room_operations/maps/map.pgm -> /home/aiden/ros2_ws_lab/src/clean_room_operations/install/clean_room_operations/share/clean_room_operations/maps
[2.163s] symbolically linking /home/aiden/ros2_ws_lab/src/clean_room_operations/build/clean_room_operations/maps/house_map.pgm -> /home/aiden/ros2_ws_lab/src/clean_room_operations/install/clean_room_operations/share/clean_room_operations/maps
[2.163s] creating /home/aiden/ros2_ws_lab/src/clean_room_operations/install/clean_room_operations/share/clean_room_operations/config
[2.163s] symbolically linking /home/aiden/ros2_ws_lab/src/clean_room_operations/build/clean_room_operations/config/rooms.yaml -> /home/aiden/ros2_ws_lab/src/clean_room_operations/install/clean_room_operations/share/clean_room_operations/config
[2.204s] Invoked command in '/home/aiden/ros2_ws_lab/src/clean_room_operations/build/clean_room_operations' returned '0': PYTHONPATH=/home/aiden/ros2_ws_lab/src/clean_room_operations/build/clean_room_operations/prefix_override:/usr/lib/python3/dist-packages/colcon_core/task/python/colcon_distutils_commands:/home/aiden/ros2_ws_lab/src/clean_room_operations/install/clean_room_operations/lib/python3.10/site-packages:${PYTHONPATH} /usr/bin/python3 -W ignore:setup.py install is deprecated -W ignore:easy_install command is deprecated setup.py develop --editable --build-directory /home/aiden/ros2_ws_lab/src/clean_room_operations/build/clean_room_operations/build --no-deps symlink_data
